<?xml version="1.0" encoding="UTF-8"?>
<!-- Generated by org.testng.reporters.JUnitReportReporter -->
<testsuite hostname="ASUS" name="LoginPage" tests="1" failures="0" timestamp="6 Apr 2016 21:48:00 GMT" time="29.089" errors="0">
  <testcase name="testLogInPage" time="29.089" classname="LoginPage"/>
</testsuite> <!-- LoginPage -->
