<?xml version="1.0" encoding="UTF-8"?>
<!-- Generated by org.testng.reporters.JUnitReportReporter -->
<testsuite hostname="ASUS" name="pkgListenersTesrNG.ListenersTestCases" tests="1" failures="0" timestamp="9 Apr 2016 23:38:19 GMT" time="20.662" errors="0">
  <testcase name="GoogleTitleVerify" time="20.662" classname="pkgListenersTesrNG.ListenersTestCases"/>
</testsuite> <!-- pkgListenersTesrNG.ListenersTestCases -->
