<?xml version="1.0" encoding="UTF-8"?>
<!-- Generated by org.testng.reporters.JUnitReportReporter -->
<testsuite hostname="ASUS" name="pkgTestNG.DataProviderDemo" tests="4" failures="0" timestamp="6 Apr 2016 18:14:31 GMT" time="10.063" errors="0">
  <testcase name="loadPage" time="0.047" classname="pkgTestNG.DataProviderDemo"/>
  <testcase name="loadPage" time="5.515" classname="pkgTestNG.DataProviderDemo"/>
  <testcase name="loadPage" time="0.190" classname="pkgTestNG.DataProviderDemo"/>
  <testcase name="loadPage" time="4.311" classname="pkgTestNG.DataProviderDemo"/>
</testsuite> <!-- pkgTestNG.DataProviderDemo -->
